<?xml version="1.0" encoding="UTF-8"?>
<!-- Generated by org.testng.reporters.JUnitReportReporter -->
<testsuite hostname="LAPTOP-7DOIKS07" failures="0" tests="1" name="login.ReadExcel" time="0.788" errors="0" timestamp="2022-08-08T20:54:49 IST" skipped="0">
  <testcase classname="login.ReadExcel" name="data" time="0.788"/>
  <system-out/>
</testsuite> <!-- login.ReadExcel -->
