<?xml version="1.0" encoding="UTF-8"?>
<!-- Generated by org.testng.reporters.JUnitReportReporter -->
<testsuite hostname="LAPTOP-7DOIKS07" failures="0" tests="1" name="testCase.Tc01_Test" time="7.582" errors="0" timestamp="2022-08-03T08:33:11 IST" skipped="0">
  <testcase classname="testCase.Tc01_Test" name="launchFlipkart" time="7.582"/>
  <system-out/>
</testsuite> <!-- testCase.Tc01_Test -->
