<?xml version="1.0" encoding="UTF-8"?>
<!-- Generated by org.testng.reporters.JUnitReportReporter -->
<testsuite hostname="LAPTOP-7DOIKS07" failures="0" tests="1" name="login.TC_DWS_02_Test" time="5.626" errors="0" timestamp="2022-08-08T20:34:08 IST" skipped="0">
  <testcase classname="login.TC_DWS_02_Test" name="Validate_whether_user_login_with_valid_credentials" time="5.626"/>
  <system-out>
    <![CDATA[Clicked on Login button
Succesfully entered email adderss
Succesfully entered password
Succesfully Logged in to the application]]>
  </system-out>
</testsuite> <!-- login.TC_DWS_02_Test -->
