<?xml version="1.0" encoding="UTF-8"?>
<!-- Generated by org.testng.reporters.JUnitReportReporter -->
<testsuite hostname="LAPTOP-7DOIKS07" failures="0" tests="1" name="books.TC_DWS_09_Test" time="21.004" errors="0" timestamp="2022-08-09T13:03:07 IST" skipped="0">
  <testcase classname="books.TC_DWS_09_Test" name="Validate_Books_valid_credentials_Shoppingcart" time="21.004"/>
  <system-out>
    <![CDATA[Clicked on link
Clicked on  add to cart link
Clicked on link]]>
  </system-out>
</testsuite> <!-- books.TC_DWS_09_Test -->
