<?xml version="1.0" encoding="UTF-8"?>
<!-- Generated by org.testng.reporters.JUnitReportReporter -->
<testsuite hostname="LAPTOP-7DOIKS07" failures="0" tests="1" name="books.TC_DWS_06_Test" time="3.387" errors="0" timestamp="2022-08-09T12:43:53 IST" skipped="0">
  <testcase classname="books.TC_DWS_06_Test" name="Validate_Books_valid_credentials" time="3.387"/>
  <system-out>
    <![CDATA[Clicked on link]]>
  </system-out>
</testsuite> <!-- books.TC_DWS_06_Test -->
