<?xml version="1.0" encoding="UTF-8"?>
<!-- Generated by org.testng.reporters.JUnitReportReporter -->
<testsuite hostname="LAPTOP-7DOIKS07" failures="0" tests="1" name="login.TC_DWS_01_Test" time="5.038" errors="0" timestamp="2022-08-08T20:34:34 IST" skipped="0">
  <testcase classname="login.TC_DWS_01_Test" name="Validate_whether_user_can_login_through_invalid_credentials" time="5.038"/>
  <system-out>
    <![CDATA[Clicked on Login button
Succesfully entered email adderss
Succesfully entered password
Succesfully Logged in to the application]]>
  </system-out>
</testsuite> <!-- login.TC_DWS_01_Test -->
