<?xml version="1.0" encoding="UTF-8"?>
<!-- Generated by org.testng.reporters.JUnitReportReporter -->
<testsuite hostname="LAPTOP-7DOIKS07" failures="0" tests="1" name="login.TestCaseID" time="6.603" errors="0" timestamp="2022-08-03T11:46:29 IST" skipped="0">
  <testcase classname="login.TestCaseID" name="testCaseDescription" time="6.603"/>
  <system-out/>
</testsuite> <!-- login.TestCaseID -->
