<?xml version="1.0" encoding="UTF-8"?>
<!-- Generated by org.testng.reporters.JUnitReportReporter -->
<testsuite hostname="LAPTOP-7DOIKS07" failures="0" tests="2" name="login.ReadingDataFromExcel_Test" time="5.539" errors="0" timestamp="2022-08-08T20:52:50 IST" skipped="0">
  <testcase classname="login.ReadingDataFromExcel_Test" name="readingData" time="3.550"/>
  <system-out/>
  <testcase classname="login.ReadingDataFromExcel_Test" name="readingData" time="1.989"/>
  <system-out/>
</testsuite> <!-- login.ReadingDataFromExcel_Test -->
