<?xml version="1.0" encoding="UTF-8"?>
<!-- Generated by org.testng.reporters.JUnitReportReporter -->
<testsuite hostname="LAPTOP-7DOIKS07" failures="0" tests="1" name="books.TC_DWS_07_Test" time="4.397" errors="0" timestamp="2022-08-09T12:52:29 IST" skipped="0">
  <testcase classname="books.TC_DWS_07_Test" name="Validate_Books_invalid_credentials_Addtocart" time="4.397"/>
  <system-out>
    <![CDATA[Clicked on link
Clicked on  add to cart link]]>
  </system-out>
</testsuite> <!-- books.TC_DWS_07_Test -->
